- 05/02/21 - 160023 - jjmoreno23 - Desbloqueo
- 05/02/21 - 160024 - jjmoreno23 - Bloqueo
- 05/02/21 - 160023 - jjmoreno23 - Bloqueo
- 05/02/21 - 160024 - jjmoreno23 - Desbloqueo
- 06/02/21 - 160024 - jjmoreno23 - Bloqueo
- 06/02/21 - 160024 - jjmoreno23 - Desbloqueo
- 08/02/21 - 160024 - jjmoreno23 - Bloqueo
- 08/02/21 - 160024 - jjmoreno23 - Desbloqueo
- 08/02/21 - 160024 - jjmoreno23 - Bloqueo
- 10/02/21 - 160024 - jjmoreno23 - Desbloqueo
- 10/02/21 - 160024 - jjmoreno23 - Bloqueo
-------- jjmoreno23 - lock - March 1, 2021, 6:22 pm ---------
-------- jjmoreno23 - lock - March 1, 2021, 6:22 pm ---------
- 01/03/21 - boletas/190001.pdf - jjmoreno23 - lock
-------- jjmoreno23 - lock - March 1, 2021, 6:37 pm ---------
-------- jjmoreno23 - unlock - March 1, 2021, 6:38 pm ---------
- 01/03/21 - boletas/_190001.pdf - jjmoreno23 - unlock
-------- jjmoreno23 - unlock - March 1, 2021, 7:07 pm ---------
-------- jjmoreno23 - lock - March 1, 2021, 7:07 pm ---------
- 01/03/21 - boletas/190001.pdf - jjmoreno23 - lock
-------- jjmoreno23 - unlock - March 1, 2021, 7:10 pm ---------
- 01/03/21 - boletas/_190001.pdf - jjmoreno23 - unlock
-------- jjmoreno23 - lock - March 1, 2021, 7:22 pm ---------
- 01/03/21 - boletas/190001.pdf - jjmoreno23 - lock
-------- jjmoreno23 - unlock - March 1, 2021, 7:22 pm ---------
- 01/03/21 - boletas/_190001.pdf - jjmoreno23 - unlock
